<?xml version="1.0" encoding="UTF-8"?><testsuite errors="1" failures="0" name="Test the Resource Dashboard scenario" skipped="0" tests="1" time="182.6" timestamp="2020-05-25 02:49:47"><testcase name="Zxmcbzxmcbnzxbcmnzxbcnmzxbmc"><error message="unknown error: Element &lt;button data-v-021decdf=&quot;&quot; type=&quot;button&quot; class=&quot;v-icon notranslate mdi-24px green--text v-icon--link mdi mdi-checkbox-marked-circle theme--dark&quot;&gt;&lt;/button&gt; is not clickable at point (1021, 345). Other element would receive the click: &lt;div class=&quot;v-overlay__scrim&quot; style=&quot;opacity: 0.46; background-color: rgb(33, 33, 33); border-color: rgb(33, 33, 33);&quot;&gt;&lt;/div&gt;&#10;  (Session info: chrome=81.0.4044.138)&#10;  (Driver info: chromedriver=2.41.578737 (49da6702b16031c40d63e5618de03a32ff6c197e),platform=Windows NT 10.0.18363 x86_64) (WARNING: The server did not provide any stacktrace information)&#10;Command duration or timeout: 0 milliseconds&#10;Build info: version: '3.10.0', revision: '176b4a9', time: '2018-03-02T19:03:16.397Z'&#10;System info: host: 'LAPR194', ip: '192.168.0.106', os.name: 'Windows 10', os.arch: 'amd64', os.version: '10.0', java.version: '13.0.1'&#10;Driver info: org.openqa.selenium.remote.RemoteWebDriver&#10;Capabilities {acceptInsecureCerts: false, acceptSslCerts: false, applicationCacheEnabled: false, browserConnectionEnabled: false, browserName: chrome, chrome: {chromedriverVersion: 2.41.578737 (49da6702b16031..., userDataDir: C:\Users\KAWALJ~1.SIN\AppDa...}, cssSelectorsEnabled: true, databaseEnabled: false, goog:chromeOptions: {debuggerAddress: localhost:56350}, handlesAlerts: true, hasTouchScreen: false, javascriptEnabled: true, locationContextEnabled: true, mobileEmulationEnabled: false, nativeEvents: true, networkConnectionEnabled: false, pageLoadStrategy: normal, platform: XP, platformName: XP, rotatable: false, setWindowRect: true, takesHeapSnapshot: true, takesScreenshot: true, unexpectedAlertBehaviour: , unhandledPromptBehavior: , version: 81.0.4044.138, webStorageEnabled: true}&#10;Session ID: 5b3a84a9816599a17244dfc459a2b9fc&#10;Build info: version: '3.10.0', revision: '176b4a9', time: '2018-03-02T19:03:16.397Z'&#10;System info: host: 'LAPR194', ip: '192.168.0.106', os.name: 'Windows 10', os.arch: 'amd64', os.version: '10.0', java.version: '13.0.1'&#10;Driver info: driver.version: unknown" type="org.openqa.selenium.WebDriverException">unknown error: Element &lt;button data-v-021decdf="" type="button" class="v-icon notranslate mdi-24px green--text v-icon--link mdi mdi-checkbox-marked-circle theme--dark"&gt;&lt;/button&gt; is not clickable at point (1021, 345). Other element would receive the click: &lt;div class="v-overlay__scrim" style="opacity: 0.46; background-color: rgb(33, 33, 33); border-color: rgb(33, 33, 33);"&gt;&lt;/div&gt;
  (Session info: chrome=81.0.4044.138)
  (Driver info: chromedriver=2.41.578737 (49da6702b16031c40d63e5618de03a32ff6c197e),platform=Windows NT 10.0.18363 x86_64) (WARNING: The server did not provide any stacktrace information)
Command duration or timeout: 0 milliseconds
Build info: version: '3.10.0', revision: '176b4a9', time: '2018-03-02T19:03:16.397Z'
System info: host: 'LAPR194', ip: '192.168.0.106', os.name: 'Windows 10', os.arch: 'amd64', os.version: '10.0', java.version: '13.0.1'
Driver info: org.openqa.selenium.remote.RemoteWebDriver
Capabilities {acceptInsecureCerts: false, acceptSslCerts: false, applicationCacheEnabled: false, browserConnectionEnabled: false, browserName: chrome, chrome: {chromedriverVersion: 2.41.578737 (49da6702b16031..., userDataDir: C:\Users\KAWALJ~1.SIN\AppDa...}, cssSelectorsEnabled: true, databaseEnabled: false, goog:chromeOptions: {debuggerAddress: localhost:56350}, handlesAlerts: true, hasTouchScreen: false, javascriptEnabled: true, locationContextEnabled: true, mobileEmulationEnabled: false, nativeEvents: true, networkConnectionEnabled: false, pageLoadStrategy: normal, platform: XP, platformName: XP, rotatable: false, setWindowRect: true, takesHeapSnapshot: true, takesScreenshot: true, unexpectedAlertBehaviour: , unhandledPromptBehavior: , version: 81.0.4044.138, webStorageEnabled: true}
Session ID: 5b3a84a9816599a17244dfc459a2b9fc
Build info: version: '3.10.0', revision: '176b4a9', time: '2018-03-02T19:03:16.397Z'
System info: host: 'LAPR194', ip: '192.168.0.106', os.name: 'Windows 10', os.arch: 'amd64', os.version: '10.0', java.version: '13.0.1'
Driver info: driver.version: unknown</error><system-err>unknown error: Element &lt;button data-v-021decdf="" type="button" class="v-icon notranslate mdi-24px green--text v-icon--link mdi mdi-checkbox-marked-circle theme--dark"&gt;&lt;/button&gt; is not clickable at point (1021, 345). Other element would receive the click: &lt;div class="v-overlay__scrim" style="opacity: 0.46; background-color: rgb(33, 33, 33); border-color: rgb(33, 33, 33);"&gt;&lt;/div&gt;
  (Session info: chrome=81.0.4044.138)
  (Driver info: chromedriver=2.41.578737 (49da6702b16031c40d63e5618de03a32ff6c197e),platform=Windows NT 10.0.18363 x86_64) (WARNING: The server did not provide any stacktrace information)
Command duration or timeout: 0 milliseconds
Build info: version: '3.10.0', revision: '176b4a9', time: '2018-03-02T19:03:16.397Z'
System info: host: 'LAPR194', ip: '192.168.0.106', os.name: 'Windows 10', os.arch: 'amd64', os.version: '10.0', java.version: '13.0.1'
Driver info: org.openqa.selenium.remote.RemoteWebDriver
Capabilities {acceptInsecureCerts: false, acceptSslCerts: false, applicationCacheEnabled: false, browserConnectionEnabled: false, browserName: chrome, chrome: {chromedriverVersion: 2.41.578737 (49da6702b16031..., userDataDir: C:\Users\KAWALJ~1.SIN\AppDa...}, cssSelectorsEnabled: true, databaseEnabled: false, goog:chromeOptions: {debuggerAddress: localhost:56350}, handlesAlerts: true, hasTouchScreen: false, javascriptEnabled: true, locationContextEnabled: true, mobileEmulationEnabled: false, nativeEvents: true, networkConnectionEnabled: false, pageLoadStrategy: normal, platform: XP, platformName: XP, rotatable: false, setWindowRect: true, takesHeapSnapshot: true, takesScreenshot: true, unexpectedAlertBehaviour: , unhandledPromptBehavior: , version: 81.0.4044.138, webStorageEnabled: true}
Session ID: 5b3a84a9816599a17244dfc459a2b9fc
Build info: version: '3.10.0', revision: '176b4a9', time: '2018-03-02T19:03:16.397Z'
System info: host: 'LAPR194', ip: '192.168.0.106', os.name: 'Windows 10', os.arch: 'amd64', os.version: '10.0', java.version: '13.0.1'
Driver info: driver.version: unknown&#13;
java.base/jdk.internal.reflect.NativeConstructorAccessorImpl.newInstance0(Native Method)&#13;
java.base/jdk.internal.reflect.NativeConstructorAccessorImpl.newInstance(NativeConstructorAccessorImpl.java:62)&#13;
java.base/jdk.internal.reflect.DelegatingConstructorAccessorImpl.newInstance(DelegatingConstructorAccessorImpl.java:45)&#13;
net.automation.pages.Dashboardpagefile.ClickontheacceptdeclineoptionandperformApproveactionsonit(Dashboardpagefile.java:965)&#13;
net.automation.steps.Dashboardstepfile.iApproveAllTheResourcesInTheAcceptDeclineFormWithUsernameAsAndPasswordAs(Dashboardstepfile.java:327)&#13;
✽.I approve All  the resources in the accept decline form with username as"GO" and Password as "GOpassword"(src/test/resources/features/web/Dashboard.feature:179)&#13;
</system-err></testcase></testsuite>