<?xml version="1.0" encoding="UTF-8"?><testsuite errors="1" failures="0" name="Test the Resource Dashboard scenario" skipped="0" tests="4" time="276.12" timestamp="2020-05-08 01:05:20"><testcase name="check the initiation and edit option visible to which user"><error message="Timed out after 0 seconds. Element not available&#10;Build info: version: '3.10.0', revision: '176b4a9', time: '2018-03-02T19:03:16.397Z'&#10;System info: host: 'LAPR194', ip: '192.168.0.105', os.name: 'Windows 10', os.arch: 'amd64', os.version: '10.0', java.version: '13.0.1'&#10;Driver info: driver.version: unknown&#10;Build info: version: '3.10.0', revision: '176b4a9', time: '2018-03-02T19:03:16.397Z'&#10;System info: host: 'LAPR194', ip: '192.168.0.105', os.name: 'Windows 10', os.arch: 'amd64', os.version: '10.0', java.version: '13.0.1'&#10;Driver info: driver.version: unknown" type="org.openqa.selenium.ElementNotVisibleException">Timed out after 0 seconds. Element not available
Build info: version: '3.10.0', revision: '176b4a9', time: '2018-03-02T19:03:16.397Z'
System info: host: 'LAPR194', ip: '192.168.0.105', os.name: 'Windows 10', os.arch: 'amd64', os.version: '10.0', java.version: '13.0.1'
Driver info: driver.version: unknown
Build info: version: '3.10.0', revision: '176b4a9', time: '2018-03-02T19:03:16.397Z'
System info: host: 'LAPR194', ip: '192.168.0.105', os.name: 'Windows 10', os.arch: 'amd64', os.version: '10.0', java.version: '13.0.1'
Driver info: driver.version: unknown</error><system-err>Timed out after 0 seconds. Element not available
Build info: version: '3.10.0', revision: '176b4a9', time: '2018-03-02T19:03:16.397Z'
System info: host: 'LAPR194', ip: '192.168.0.105', os.name: 'Windows 10', os.arch: 'amd64', os.version: '10.0', java.version: '13.0.1'
Driver info: driver.version: unknown
Build info: version: '3.10.0', revision: '176b4a9', time: '2018-03-02T19:03:16.397Z'
System info: host: 'LAPR194', ip: '192.168.0.105', os.name: 'Windows 10', os.arch: 'amd64', os.version: '10.0', java.version: '13.0.1'
Driver info: driver.version: unknown&#13;
jdk.internal.reflect.GeneratedMethodAccessor2.invoke(Unknown Source)&#13;
java.base/jdk.internal.reflect.DelegatingMethodAccessorImpl.invoke(DelegatingMethodAccessorImpl.java:43)&#13;
net.automation.pages.Dashboardpagefile.Editbutton(Dashboardpagefile.java:262)&#13;
net.automation.steps.Dashboardstepfile.iCheckEditButtonVisibleToGOSales(Dashboardstepfile.java:47)&#13;
✽.I check edit button visible to GO/Sales(src/test/resources/features/web/Dashboard.feature:37)&#13;
</system-err></testcase></testsuite>